{"C:\\Users\\Pedro\\suite-defense-core\\src\\hooks\\useSubscription.tsx": {"path":"C:\\Users\\Pedro\\suite-defense-core\\src\\hooks\\useSubscription.tsx","statementMap":{"0":{"start":{"line":21,"column":31},"end":{"line":48,"column":null}},"1":{"start":{"line":22,"column":16},"end":{"line":22,"column":null}},"2":{"start":{"line":24,"column":50},"end":{"line":41,"column":null}},"3":{"start":{"line":27,"column":6},"end":{"line":27,"column":null}},"4":{"start":{"line":27,"column":17},"end":{"line":27,"column":null}},"5":{"start":{"line":29,"column":30},"end":{"line":33,"column":null}},"6":{"start":{"line":35,"column":6},"end":{"line":35,"column":null}},"7":{"start":{"line":35,"column":17},"end":{"line":35,"column":null}},"8":{"start":{"line":36,"column":6},"end":{"line":36,"column":null}},"9":{"start":{"line":43,"column":2},"end":{"line":47,"column":null}}},"fnMap":{"0":{"name":"(anonymous_0)","decl":{"start":{"line":21,"column":31},"end":{"line":21,"column":null}},"loc":{"start":{"line":21,"column":31},"end":{"line":48,"column":null}},"line":21},"1":{"name":"(anonymous_1)","decl":{"start":{"line":26,"column":13},"end":{"line":26,"column":null}},"loc":{"start":{"line":26,"column":13},"end":{"line":37,"column":null}},"line":26}},"branchMap":{"0":{"loc":{"start":{"line":27,"column":6},"end":{"line":27,"column":null}},"type":"if","locations":[{"start":{"line":27,"column":6},"end":{"line":27,"column":null}},{"start":{},"end":{}}],"line":27},"1":{"loc":{"start":{"line":35,"column":6},"end":{"line":35,"column":null}},"type":"if","locations":[{"start":{"line":35,"column":6},"end":{"line":35,"column":null}},{"start":{},"end":{}}],"line":35}},"s":{"0":1,"1":3,"2":3,"3":2,"4":0,"5":2,"6":2,"7":1,"8":1,"9":3},"f":{"0":3,"1":2},"b":{"0":[0,2],"1":[1,1]},"meta":{"lastBranch":2,"lastFunction":2,"lastStatement":10,"seen":{"s:21:31:48:Infinity":0,"f:21:31:21:Infinity":0,"s:22:16:22:Infinity":1,"s:24:50:41:Infinity":2,"f:26:13:26:Infinity":1,"b:27:6:27:Infinity:undefined:undefined:undefined:undefined":0,"s:27:6:27:Infinity":3,"s:27:17:27:Infinity":4,"s:29:30:33:Infinity":5,"b:35:6:35:Infinity:undefined:undefined:undefined:undefined":1,"s:35:6:35:Infinity":6,"s:35:17:35:Infinity":7,"s:36:6:36:Infinity":8,"s:43:2:47:Infinity":9}}}
,"C:\\Users\\Pedro\\suite-defense-core\\src\\hooks\\useTenant.tsx": {"path":"C:\\Users\\Pedro\\suite-defense-core\\src\\hooks\\useTenant.tsx","statementMap":{"0":{"start":{"line":14,"column":25},"end":{"line":48,"column":null}},"1":{"start":{"line":15,"column":16},"end":{"line":15,"column":null}},"2":{"start":{"line":17,"column":51},"end":{"line":45,"column":null}},"3":{"start":{"line":20,"column":6},"end":{"line":20,"column":null}},"4":{"start":{"line":20,"column":17},"end":{"line":20,"column":null}},"5":{"start":{"line":23,"column":51},"end":{"line":28,"column":null}},"6":{"start":{"line":30,"column":6},"end":{"line":30,"column":null}},"7":{"start":{"line":30,"column":21},"end":{"line":30,"column":null}},"8":{"start":{"line":31,"column":6},"end":{"line":31,"column":null}},"9":{"start":{"line":31,"column":32},"end":{"line":31,"column":null}},"10":{"start":{"line":34,"column":55},"end":{"line":38,"column":null}},"11":{"start":{"line":40,"column":6},"end":{"line":40,"column":null}},"12":{"start":{"line":40,"column":23},"end":{"line":40,"column":null}},"13":{"start":{"line":41,"column":6},"end":{"line":41,"column":null}},"14":{"start":{"line":47,"column":2},"end":{"line":47,"column":null}}},"fnMap":{"0":{"name":"(anonymous_0)","decl":{"start":{"line":14,"column":25},"end":{"line":14,"column":null}},"loc":{"start":{"line":14,"column":25},"end":{"line":48,"column":null}},"line":14},"1":{"name":"(anonymous_1)","decl":{"start":{"line":19,"column":13},"end":{"line":19,"column":null}},"loc":{"start":{"line":19,"column":13},"end":{"line":42,"column":null}},"line":19}},"branchMap":{"0":{"loc":{"start":{"line":17,"column":16},"end":{"line":17,"column":29}},"type":"default-arg","locations":[{"start":{"line":17,"column":25},"end":{"line":17,"column":29}}],"line":17},"1":{"loc":{"start":{"line":20,"column":6},"end":{"line":20,"column":null}},"type":"if","locations":[{"start":{"line":20,"column":6},"end":{"line":20,"column":null}},{"start":{},"end":{}}],"line":20},"2":{"loc":{"start":{"line":30,"column":6},"end":{"line":30,"column":null}},"type":"if","locations":[{"start":{"line":30,"column":6},"end":{"line":30,"column":null}},{"start":{},"end":{}}],"line":30},"3":{"loc":{"start":{"line":31,"column":6},"end":{"line":31,"column":null}},"type":"if","locations":[{"start":{"line":31,"column":6},"end":{"line":31,"column":null}},{"start":{},"end":{}}],"line":31},"4":{"loc":{"start":{"line":40,"column":6},"end":{"line":40,"column":null}},"type":"if","locations":[{"start":{"line":40,"column":6},"end":{"line":40,"column":null}},{"start":{},"end":{}}],"line":40}},"s":{"0":1,"1":4,"2":4,"3":3,"4":0,"5":3,"6":2,"7":0,"8":2,"9":0,"10":2,"11":2,"12":0,"13":2,"14":4},"f":{"0":4,"1":3},"b":{"0":[4],"1":[0,3],"2":[0,2],"3":[0,2],"4":[0,2]},"meta":{"lastBranch":5,"lastFunction":2,"lastStatement":15,"seen":{"s:14:25:48:Infinity":0,"f:14:25:14:Infinity":0,"s:15:16:15:Infinity":1,"s:17:51:45:Infinity":2,"b:17:25:17:29":0,"f:19:13:19:Infinity":1,"b:20:6:20:Infinity:undefined:undefined:undefined:undefined":1,"s:20:6:20:Infinity":3,"s:20:17:20:Infinity":4,"s:23:51:28:Infinity":5,"b:30:6:30:Infinity:undefined:undefined:undefined:undefined":2,"s:30:6:30:Infinity":6,"s:30:21:30:Infinity":7,"b:31:6:31:Infinity:undefined:undefined:undefined:undefined":3,"s:31:6:31:Infinity":8,"s:31:32:31:Infinity":9,"s:34:55:38:Infinity":10,"b:40:6:40:Infinity:undefined:undefined:undefined:undefined":4,"s:40:6:40:Infinity":11,"s:40:23:40:Infinity":12,"s:41:6:41:Infinity":13,"s:47:2:47:Infinity":14}}}
,"C:\\Users\\Pedro\\suite-defense-core\\src\\hooks\\useTenantFeatures.tsx": {"path":"C:\\Users\\Pedro\\suite-defense-core\\src\\hooks\\useTenantFeatures.tsx","statementMap":{"0":{"start":{"line":15,"column":33},"end":{"line":83,"column":null}},"1":{"start":{"line":16,"column":18},"end":{"line":16,"column":null}},"2":{"start":{"line":18,"column":37},"end":{"line":32,"column":null}},"3":{"start":{"line":21,"column":6},"end":{"line":21,"column":null}},"4":{"start":{"line":21,"column":23},"end":{"line":21,"column":null}},"5":{"start":{"line":23,"column":30},"end":{"line":26,"column":null}},"6":{"start":{"line":28,"column":6},"end":{"line":28,"column":null}},"7":{"start":{"line":28,"column":17},"end":{"line":28,"column":null}},"8":{"start":{"line":29,"column":6},"end":{"line":29,"column":null}},"9":{"start":{"line":34,"column":21},"end":{"line":37,"column":null}},"10":{"start":{"line":35,"column":20},"end":{"line":35,"column":null}},"11":{"start":{"line":35,"column":40},"end":{"line":35,"column":null}},"12":{"start":{"line":36,"column":4},"end":{"line":36,"column":null}},"13":{"start":{"line":39,"column":26},"end":{"line":54,"column":null}},"14":{"start":{"line":40,"column":20},"end":{"line":40,"column":null}},"15":{"start":{"line":40,"column":40},"end":{"line":40,"column":null}},"16":{"start":{"line":41,"column":4},"end":{"line":43,"column":null}},"17":{"start":{"line":42,"column":6},"end":{"line":42,"column":null}},"18":{"start":{"line":45,"column":22},"end":{"line":47,"column":null}},"19":{"start":{"line":49,"column":4},"end":{"line":53,"column":null}},"20":{"start":{"line":56,"column":24},"end":{"line":65,"column":null}},"21":{"start":{"line":57,"column":20},"end":{"line":57,"column":null}},"22":{"start":{"line":57,"column":40},"end":{"line":57,"column":null}},"23":{"start":{"line":58,"column":4},"end":{"line":58,"column":null}},"24":{"start":{"line":58,"column":27},"end":{"line":58,"column":null}},"25":{"start":{"line":61,"column":4},"end":{"line":61,"column":null}},"26":{"start":{"line":61,"column":38},"end":{"line":61,"column":null}},"27":{"start":{"line":64,"column":4},"end":{"line":64,"column":null}},"28":{"start":{"line":67,"column":22},"end":{"line":73,"column":null}},"29":{"start":{"line":68,"column":20},"end":{"line":68,"column":null}},"30":{"start":{"line":68,"column":40},"end":{"line":68,"column":null}},"31":{"start":{"line":69,"column":4},"end":{"line":69,"column":null}},"32":{"start":{"line":69,"column":31},"end":{"line":69,"column":null}},"33":{"start":{"line":71,"column":23},"end":{"line":71,"column":null}},"34":{"start":{"line":72,"column":4},"end":{"line":72,"column":null}},"35":{"start":{"line":75,"column":2},"end":{"line":82,"column":null}}},"fnMap":{"0":{"name":"(anonymous_0)","decl":{"start":{"line":15,"column":33},"end":{"line":15,"column":null}},"loc":{"start":{"line":15,"column":33},"end":{"line":83,"column":null}},"line":15},"1":{"name":"(anonymous_1)","decl":{"start":{"line":20,"column":13},"end":{"line":20,"column":null}},"loc":{"start":{"line":20,"column":13},"end":{"line":30,"column":null}},"line":20},"2":{"name":"(anonymous_2)","decl":{"start":{"line":34,"column":21},"end":{"line":34,"column":22}},"loc":{"start":{"line":34,"column":22},"end":{"line":37,"column":null}},"line":34},"3":{"name":"(anonymous_3)","decl":{"start":{"line":35,"column":35},"end":{"line":35,"column":40}},"loc":{"start":{"line":35,"column":40},"end":{"line":35,"column":null}},"line":35},"4":{"name":"(anonymous_4)","decl":{"start":{"line":39,"column":26},"end":{"line":39,"column":27}},"loc":{"start":{"line":39,"column":27},"end":{"line":54,"column":null}},"line":39},"5":{"name":"(anonymous_5)","decl":{"start":{"line":40,"column":35},"end":{"line":40,"column":40}},"loc":{"start":{"line":40,"column":40},"end":{"line":40,"column":null}},"line":40},"6":{"name":"(anonymous_6)","decl":{"start":{"line":56,"column":24},"end":{"line":56,"column":25}},"loc":{"start":{"line":56,"column":25},"end":{"line":65,"column":null}},"line":56},"7":{"name":"(anonymous_7)","decl":{"start":{"line":57,"column":35},"end":{"line":57,"column":40}},"loc":{"start":{"line":57,"column":40},"end":{"line":57,"column":null}},"line":57},"8":{"name":"(anonymous_8)","decl":{"start":{"line":67,"column":22},"end":{"line":67,"column":23}},"loc":{"start":{"line":67,"column":65},"end":{"line":73,"column":null}},"line":67},"9":{"name":"(anonymous_9)","decl":{"start":{"line":68,"column":35},"end":{"line":68,"column":40}},"loc":{"start":{"line":68,"column":40},"end":{"line":68,"column":null}},"line":68}},"branchMap":{"0":{"loc":{"start":{"line":21,"column":6},"end":{"line":21,"column":null}},"type":"if","locations":[{"start":{"line":21,"column":6},"end":{"line":21,"column":null}},{"start":{},"end":{}}],"line":21},"1":{"loc":{"start":{"line":28,"column":6},"end":{"line":28,"column":null}},"type":"if","locations":[{"start":{"line":28,"column":6},"end":{"line":28,"column":null}},{"start":{},"end":{}}],"line":28},"2":{"loc":{"start":{"line":36,"column":11},"end":{"line":36,"column":null}},"type":"binary-expr","locations":[{"start":{"line":36,"column":11},"end":{"line":36,"column":31}},{"start":{"line":36,"column":31},"end":{"line":36,"column":null}}],"line":36},"3":{"loc":{"start":{"line":41,"column":4},"end":{"line":43,"column":null}},"type":"if","locations":[{"start":{"line":41,"column":4},"end":{"line":43,"column":null}},{"start":{},"end":{}}],"line":41},"4":{"loc":{"start":{"line":45,"column":22},"end":{"line":47,"column":null}},"type":"cond-expr","locations":[{"start":{"line":46,"column":8},"end":{"line":46,"column":48}},{"start":{"line":47,"column":8},"end":{"line":47,"column":null}}],"line":45},"5":{"loc":{"start":{"line":58,"column":4},"end":{"line":58,"column":null}},"type":"if","locations":[{"start":{"line":58,"column":4},"end":{"line":58,"column":null}},{"start":{},"end":{}}],"line":58},"6":{"loc":{"start":{"line":61,"column":4},"end":{"line":61,"column":null}},"type":"if","locations":[{"start":{"line":61,"column":4},"end":{"line":61,"column":null}},{"start":{},"end":{}}],"line":61},"7":{"loc":{"start":{"line":67,"column":43},"end":{"line":67,"column":65}},"type":"default-arg","locations":[{"start":{"line":67,"column":63},"end":{"line":67,"column":65}}],"line":67},"8":{"loc":{"start":{"line":69,"column":4},"end":{"line":69,"column":null}},"type":"if","locations":[{"start":{"line":69,"column":4},"end":{"line":69,"column":null}},{"start":{},"end":{}}],"line":69}},"s":{"0":1,"1":8,"2":8,"3":4,"4":0,"5":4,"6":4,"7":0,"8":4,"9":8,"10":3,"11":2,"12":3,"13":8,"14":2,"15":1,"16":2,"17":1,"18":1,"19":2,"20":8,"21":4,"22":3,"23":4,"24":2,"25":2,"26":0,"27":2,"28":8,"29":3,"30":2,"31":3,"32":1,"33":2,"34":2,"35":8},"f":{"0":8,"1":4,"2":3,"3":2,"4":2,"5":1,"6":4,"7":3,"8":3,"9":2},"b":{"0":[0,4],"1":[0,4],"2":[3,2],"3":[1,1],"4":[1,0],"5":[2,2],"6":[0,2],"7":[3],"8":[1,2]},"meta":{"lastBranch":9,"lastFunction":10,"lastStatement":36,"seen":{"s:15:33:83:Infinity":0,"f:15:33:15:Infinity":0,"s:16:18:16:Infinity":1,"s:18:37:32:Infinity":2,"f:20:13:20:Infinity":1,"b:21:6:21:Infinity:undefined:undefined:undefined:undefined":0,"s:21:6:21:Infinity":3,"s:21:23:21:Infinity":4,"s:23:30:26:Infinity":5,"b:28:6:28:Infinity:undefined:undefined:undefined:undefined":1,"s:28:6:28:Infinity":6,"s:28:17:28:Infinity":7,"s:29:6:29:Infinity":8,"s:34:21:37:Infinity":9,"f:34:21:34:22":2,"s:35:20:35:Infinity":10,"f:35:35:35:40":3,"s:35:40:35:Infinity":11,"s:36:4:36:Infinity":12,"b:36:11:36:31:36:31:36:Infinity":2,"s:39:26:54:Infinity":13,"f:39:26:39:27":4,"s:40:20:40:Infinity":14,"f:40:35:40:40":5,"s:40:40:40:Infinity":15,"b:41:4:43:Infinity:undefined:undefined:undefined:undefined":3,"s:41:4:43:Infinity":16,"s:42:6:42:Infinity":17,"s:45:22:47:Infinity":18,"b:46:8:46:48:47:8:47:Infinity":4,"s:49:4:53:Infinity":19,"s:56:24:65:Infinity":20,"f:56:24:56:25":6,"s:57:20:57:Infinity":21,"f:57:35:57:40":7,"s:57:40:57:Infinity":22,"b:58:4:58:Infinity:undefined:undefined:undefined:undefined":5,"s:58:4:58:Infinity":23,"s:58:27:58:Infinity":24,"b:61:4:61:Infinity:undefined:undefined:undefined:undefined":6,"s:61:4:61:Infinity":25,"s:61:38:61:Infinity":26,"s:64:4:64:Infinity":27,"s:67:22:73:Infinity":28,"f:67:22:67:23":8,"b:67:63:67:65":7,"s:68:20:68:Infinity":29,"f:68:35:68:40":9,"s:68:40:68:Infinity":30,"b:69:4:69:Infinity:undefined:undefined:undefined:undefined":8,"s:69:4:69:Infinity":31,"s:69:31:69:Infinity":32,"s:71:23:71:Infinity":33,"s:72:4:72:Infinity":34,"s:75:2:82:Infinity":35}}}
,"C:\\Users\\Pedro\\suite-defense-core\\src\\types\\roles.ts": {"path":"C:\\Users\\Pedro\\suite-defense-core\\src\\types\\roles.ts","statementMap":{"0":{"start":{"line":6,"column":25},"end":{"line":6,"column":null}},"1":{"start":{"line":14,"column":2},"end":{"line":14,"column":null}},"2":{"start":{"line":20,"column":54},"end":{"line":25,"column":null}},"3":{"start":{"line":30,"column":52},"end":{"line":35,"column":null}},"4":{"start":{"line":42,"column":2},"end":{"line":46,"column":null}},"5":{"start":{"line":43,"column":4},"end":{"line":44,"column":null}},"6":{"start":{"line":47,"column":2},"end":{"line":47,"column":null}}},"fnMap":{"0":{"name":"isValidRole","decl":{"start":{"line":13,"column":16},"end":{"line":13,"column":28}},"loc":{"start":{"line":13,"column":42},"end":{"line":15,"column":null}},"line":13},"1":{"name":"assertValidRole","decl":{"start":{"line":41,"column":16},"end":{"line":41,"column":32}},"loc":{"start":{"line":41,"column":74},"end":{"line":48,"column":null}},"line":41}},"branchMap":{"0":{"loc":{"start":{"line":14,"column":9},"end":{"line":14,"column":null}},"type":"binary-expr","locations":[{"start":{"line":14,"column":9},"end":{"line":14,"column":38}},{"start":{"line":14,"column":38},"end":{"line":14,"column":null}}],"line":14},"1":{"loc":{"start":{"line":41,"column":48},"end":{"line":41,"column":74}},"type":"default-arg","locations":[{"start":{"line":41,"column":68},"end":{"line":41,"column":74}}],"line":41},"2":{"loc":{"start":{"line":42,"column":2},"end":{"line":46,"column":null}},"type":"if","locations":[{"start":{"line":42,"column":2},"end":{"line":46,"column":null}},{"start":{},"end":{}}],"line":42}},"s":{"0":1,"1":15,"2":1,"3":1,"4":4,"5":2,"6":2},"f":{"0":15,"1":4},"b":{"0":[15,13],"1":[4],"2":[2,2]},"meta":{"lastBranch":3,"lastFunction":2,"lastStatement":7,"seen":{"s:6:25:6:Infinity":0,"f:13:16:13:28":0,"s:14:2:14:Infinity":1,"b:14:9:14:38:14:38:14:Infinity":0,"s:20:54:25:Infinity":2,"s:30:52:35:Infinity":3,"f:41:16:41:32":1,"b:41:68:41:74":1,"b:42:2:46:Infinity:undefined:undefined:undefined:undefined":2,"s:42:2:46:Infinity":4,"s:43:4:44:Infinity":5,"s:47:2:47:Infinity":6}}}
}
